-------------------------------------------------------------------------------
Test set: Buy
-------------------------------------------------------------------------------
Tests run: 2, Failures: 1, Errors: 0, Skipped: 1, Time elapsed: 0.315 s <<< FAILURE! - in Buy
setup(Buy)  Time elapsed: 0.18 s  <<< FAILURE!
java.lang.NoClassDefFoundError: org/w3c/dom/ElementTraversal
	at Buy.setup(Buy.java:22)
Caused by: java.lang.ClassNotFoundException: org.w3c.dom.ElementTraversal
	at Buy.setup(Buy.java:22)

