<?xml version="1.0" encoding="UTF-8"?>
<testsuite xmlns:xsi="http://www.w3.org/2001/XMLSchema-instance" xsi:noNamespaceSchemaLocation="https://maven.apache.org/surefire/maven-surefire-plugin/xsd/surefire-test-report.xsd" name="Buy" time="0.315" tests="2" errors="0" skipped="1" failures="1">
  <properties>
[...]
</properties>
  <testcase name="setup" classname="Buy" time="0.18">
    <failure message="org/w3c/dom/ElementTraversal" type="java.lang.NoClassDefFoundError">java.lang.NoClassDefFoundError: org/w3c/dom/ElementTraversal
	at Buy.setup(Buy.java:22)
Caused by: java.lang.ClassNotFoundException: org.w3c.dom.ElementTraversal
	at Buy.setup(Buy.java:22)
</failure>
  </testcase>
  <testcase name="buy" classname="Buy" time="0">
    <skipped message="org/w3c/dom/ElementTraversal"/>
  </testcase>
</testsuite>