<?xml version="1.0" encoding="UTF-8"?>
<testsuite xmlns:xsi="http://www.w3.org/2001/XMLSchema-instance" xsi:noNamespaceSchemaLocation="https://maven.apache.org/surefire/maven-surefire-plugin/xsd/surefire-test-report.xsd" name="Buy" time="18.765" tests="1" errors="0" skipped="0" failures="1">
  <properties>
[...]
</properties>
  <testcase name="buy" classname="Buy" time="10.548">
    <failure message="Unable to locate element: //div[@class = &apos;search-view-more&apos;]/a[@href = &apos;http://tartka.com.ua?s=Ñ�ÑƒÑ‚Ð°Ð¶&amp;post_type=product&apos;]&#10;For documentation on this error, please visit: http://seleniumhq.org/exceptions/no_such_element.html&#10;Build info: version: &apos;3.8.1&apos;, revision: &apos;6e95a6684b&apos;, time: &apos;2017-12-01T18:33:54.468Z&apos;&#10;System info: host: &apos;EPUADNIW0249&apos;, ip: &apos;10.28.9.33&apos;, os.name: &apos;Windows 10&apos;, os.arch: &apos;amd64&apos;, os.version: &apos;10.0&apos;, java.version: &apos;1.8.0_121&apos;&#10;Driver info: org.openqa.selenium.firefox.FirefoxDriver&#10;Capabilities {acceptInsecureCerts: true, browserName: firefox, browserVersion: 59.0.3, javascriptEnabled: true, moz:accessibilityChecks: false, moz:headless: false, moz:processID: 59488, moz:profile: C:\Users\Nataliya_Tarkovska..., moz:useNonSpecCompliantPointerOrigin: false, moz:webdriverClick: true, pageLoadStrategy: normal, platform: XP, platformName: XP, platformVersion: 10.0, rotatable: false, timeouts: {implicit: 0, pageLoad: 300000, script: 30000}}&#10;Session ID: 1ddd921f-3a1c-4d9f-a833-d578861ca31b&#10;*** Element info: {Using=xpath, value=//div[@class = &apos;search-view-more&apos;]/a[@href = &apos;http://tartka.com.ua?s=Ñ�ÑƒÑ‚Ð°Ð¶&amp;post_type=product&apos;]}" type="org.openqa.selenium.NoSuchElementException"><![CDATA[org.openqa.selenium.NoSuchElementException: 
Unable to locate element: //div[@class = 'search-view-more']/a[@href = 'http://tartka.com.ua?s=Ñ�ÑƒÑ‚Ð°Ð¶&post_type=product']
For documentation on this error, please visit: http://seleniumhq.org/exceptions/no_such_element.html
Build info: version: '3.8.1', revision: '6e95a6684b', time: '2017-12-01T18:33:54.468Z'
System info: host: 'EPUADNIW0249', ip: '10.28.9.33', os.name: 'Windows 10', os.arch: 'amd64', os.version: '10.0', java.version: '1.8.0_121'
Driver info: org.openqa.selenium.firefox.FirefoxDriver
Capabilities {acceptInsecureCerts: true, browserName: firefox, browserVersion: 59.0.3, javascriptEnabled: true, moz:accessibilityChecks: false, moz:headless: false, moz:processID: 59488, moz:profile: C:\Users\Nataliya_Tarkovska..., moz:useNonSpecCompliantPointerOrigin: false, moz:webdriverClick: true, pageLoadStrategy: normal, platform: XP, platformName: XP, platformVersion: 10.0, rotatable: false, timeouts: {implicit: 0, pageLoad: 300000, script: 30000}}
Session ID: 1ddd921f-3a1c-4d9f-a833-d578861ca31b
*** Element info: {Using=xpath, value=//div[@class = 'search-view-more']/a[@href = 'http://tartka.com.ua?s=Ñ�ÑƒÑ‚Ð°Ð¶&post_type=product']}
	at Buy.buy(Buy.java:31)
]]></failure>
    <system-err><![CDATA[1527089040936	geckodriver	INFO	geckodriver 0.19.1
1527089040944	geckodriver	INFO	Listening on 127.0.0.1:38076
1527089041601	mozrunner::runner	INFO	Running command: "C:\\Program Files\\Mozilla Firefox\\firefox.exe" "-marionette" "-profile" "C:\\Users\\NATALI~1\\AppData\\Local\\Temp\\rust_mozprofile.YpUyvPSaVQ0h"
Unable to read VR Path Registry from C:\Users\Nataliya_Tarkovska\AppData\Local\openvr\openvrpaths.vrpath
1527089042372	Marionette	INFO	Enabled via --marionette
Unable to read VR Path Registry from C:\Users\Nataliya_Tarkovska\AppData\Local\openvr\openvrpaths.vrpath
Unable to read VR Path Registry from C:\Users\Nataliya_Tarkovska\AppData\Local\openvr\openvrpaths.vrpath
Unable to read VR Path Registry from C:\Users\Nataliya_Tarkovska\AppData\Local\openvr\openvrpaths.vrpath
Unable to read VR Path Registry from C:\Users\Nataliya_Tarkovska\AppData\Local\openvr\openvrpaths.vrpath
1527089043520	Marionette	INFO	Listening on port 50323
1527089043618	Marionette	WARN	TLS certificate errors will be ignored for this session
May 23, 2018 6:24:03 PM org.openqa.selenium.remote.ProtocolHandshake createSession
INFO: Detected dialect: W3C
]]></system-err>
  </testcase>
</testsuite>